Arguments: 
  C:\Program Files\nodejs\node.exe C:\Users\dhc\AppData\Roaming\npm\node_modules\yarn\bin\yarn.js

PATH: 
  C:\Program Files\Git\mingw64\bin;C:\Program Files\Git\usr\bin;C:\Users\dhc\bin;C:\ProgramData\Oracle\Java\javapath;C:\Program Files (x86)\Common Files\Oracle\Java\javapath;C:\WINDOWS\system32;C:\WINDOWS;C:\WINDOWS\System32\Wbem;C:\WINDOWS\System32\WindowsPowerShell\v1.0;C:\WINDOWS\System32\OpenSSH;C:\Program Files\Git\cmd;C:\Program Files\nodejs;C:\Program Files\TortoiseGit\bin;E:\apache-maven-3.6.1\bin;C:\Program Files\Java\jdk1.8.0_131\bin;C:\Users\dhc\AppData\Local\Microsoft\WindowsApps;C:\Users\dhc\AppData\Local\Programs\Microsoft VS Code\bin;C:\Users\dhc\AppData\Roaming\npm

Yarn version: 
  1.17.3

Node version: 
  10.15.3

Platform: 
  win32 x64

Trace: 
  Error: ENOENT: no such file or directory, copyfile 'C:\Users\dhc\AppData\Local\Yarn\Cache\v4\npm-ansi-regex-3.0.0-ed0317c322064f79466c02966bddb605ab37d998\node_modules\ansi-regex\index.js' -> 'C:\Users\dhc\Desktop\webpack\node_modules\cliui\node_modules\ansi-regex\index.js'

npm manifest: 
  {
    "name": "dhc",
    "version": "1.0.0",
    "description": "",
    "main": "index.js",
    "scripts": {
      "build": "webpack",
      "dev": "webpack-dev-server --open"
    },
    "author": "",
    "license": "ISC",
    "devDependencies": {
      "webpack": "^4.39.1",
      "webpack-cli": "^3.3.6",
      "webpack-dev-server": "^3.7.2"
    }
  }

yarn manifest: 
  No manifest

Lockfile: 
  No lockfile
